  1759.c
D:\0수경\GitHub\gyeong07\Baekjoon_Online_Judge\1759.c(20,11): warning C4473: 'scanf_s': 서식 문자열에 대한 인수가 충분하게 전달되지 않았습니다.
D:\0수경\GitHub\gyeong07\Baekjoon_Online_Judge\1759.c(20,11): message : 자리 표시자 및 해당 매개 변수에는 variadic 인수가 2개 필요하지만 1개가 제공되었습니다.
D:\0수경\GitHub\gyeong07\Baekjoon_Online_Judge\1759.c(20,11): message : 누락된 variadic 인수 2이(가) 서식 문자열 '%c'에 필요합니다.
D:\0수경\GitHub\gyeong07\Baekjoon_Online_Judge\1759.c(20,11): message : 이 인수는 버퍼 크기로 사용됩니다.
D:\0수경\GitHub\gyeong07\Baekjoon_Online_Judge\1759.c(29,16): warning C4047: '=': 'char'의 간접 참조 수준이 'char *'과(와) 다릅니다.
D:\0수경\GitHub\gyeong07\Baekjoon_Online_Judge\1759.c(36,13): warning C4047: '함수': 'char *'의 간접 참조 수준이 'char (*)[30]'과(와) 다릅니다.
D:\0수경\GitHub\gyeong07\Baekjoon_Online_Judge\1759.c(36,8): warning C4024: 'combi': 형식 및 실제 매개 변수 1의 형식이 서로 다릅니다.
D:\0수경\GitHub\gyeong07\Baekjoon_Online_Judge\1759.c(36,20): warning C4047: '함수': 'int *'의 간접 참조 수준이 'int (*)[30]'과(와) 다릅니다.
D:\0수경\GitHub\gyeong07\Baekjoon_Online_Judge\1759.c(36,15): warning C4024: 'combi': 형식 및 실제 매개 변수 2의 형식이 서로 다릅니다.
D:\0수경\GitHub\gyeong07\Baekjoon_Online_Judge\1759.c(72,13): warning C4047: '함수': 'char *'의 간접 참조 수준이 'char **'과(와) 다릅니다.
D:\0수경\GitHub\gyeong07\Baekjoon_Online_Judge\1759.c(72,8): warning C4024: 'combi': 형식 및 실제 매개 변수 1의 형식이 서로 다릅니다.
D:\0수경\GitHub\gyeong07\Baekjoon_Online_Judge\1759.c(72,20): warning C4047: '함수': 'int *'의 간접 참조 수준이 'int **'과(와) 다릅니다.
D:\0수경\GitHub\gyeong07\Baekjoon_Online_Judge\1759.c(72,15): warning C4024: 'combi': 형식 및 실제 매개 변수 2의 형식이 서로 다릅니다.
D:\0수경\GitHub\gyeong07\Baekjoon_Online_Judge\1759.c(74,13): warning C4047: '함수': 'char *'의 간접 참조 수준이 'char **'과(와) 다릅니다.
D:\0수경\GitHub\gyeong07\Baekjoon_Online_Judge\1759.c(74,8): warning C4024: 'combi': 형식 및 실제 매개 변수 1의 형식이 서로 다릅니다.
D:\0수경\GitHub\gyeong07\Baekjoon_Online_Judge\1759.c(74,20): warning C4047: '함수': 'int *'의 간접 참조 수준이 'int **'과(와) 다릅니다.
D:\0수경\GitHub\gyeong07\Baekjoon_Online_Judge\1759.c(74,15): warning C4024: 'combi': 형식 및 실제 매개 변수 2의 형식이 서로 다릅니다.
D:\0수경\GitHub\gyeong07\Baekjoon_Online_Judge\1759.c(77): warning C4715: 'combi': 모든 제어 경로에서 값을 반환하지는 않습니다.
  Baekjoon_Online_Judge.vcxproj -> D:\0수경\GitHub\gyeong07\Baekjoon_Online_Judge\Debug\Baekjoon_Online_Judge.exe
